Using pre-set license
Built from '2020.3/staging' branch; Version is '2020.3.14f1 (d0d1bb862f9d) revision 13685179'; Using compiler version '192528614'; Build Type 'Release'
OS: 'Windows 10 Pro; OS build 19043.1415; Version 2009; 64bit' Language: 'es' Physical Memory: 15747 MB
BatchMode: 1, IsHumanControllingUs: 0, StartBugReporterOnCrash: 0, Is64bit: 1, IsPro: 0

 COMMAND LINE ARGUMENTS:
C:\Program Files\Unity\Hub\Editor\2020.3.14f1\Editor\Unity.exe
-adb2
-batchMode
-noUpm
-name
AssetImportWorker0
-projectPath
C:/Users/sofia/Documents/TFG/TFG/TFG/TFG
-logFile
Logs/AssetImportWorker0.log
-srvPort
63971
Successfully changed project path to: C:/Users/sofia/Documents/TFG/TFG/TFG/TFG
C:/Users/sofia/Documents/TFG/TFG/TFG/TFG
Using Asset Import Pipeline V2.
Refreshing native plugins compatible for Editor in 27.81 ms, found 7 plugins.
Preloading 0 native plugins for Editor in 0.00 ms.
Initialize engine version: 2020.3.14f1 (d0d1bb862f9d)
[Subsystems] Discovering subsystems at path C:/Program Files/Unity/Hub/Editor/2020.3.14f1/Editor/Data/Resources/UnitySubsystems
[Subsystems] Discovering subsystems at path C:/Users/sofia/Documents/TFG/TFG/TFG/TFG/Assets
GfxDevice: creating device client; threaded=0
Direct3D:
    Version:  Direct3D 11.0 [level 11.1]
    Renderer: NVIDIA GeForce GTX 1660 SUPER (ID=0x21c4)
    Vendor:   
    VRAM:     5991 MB
    Driver:   30.0.14.7208
Initialize mono
Mono path[0] = 'C:/Program Files/Unity/Hub/Editor/2020.3.14f1/Editor/Data/Managed'
Mono path[1] = 'C:/Program Files/Unity/Hub/Editor/2020.3.14f1/Editor/Data/MonoBleedingEdge/lib/mono/unityjit'
Mono config path = 'C:/Program Files/Unity/Hub/Editor/2020.3.14f1/Editor/Data/MonoBleedingEdge/etc'
Using monoOptions --debugger-agent=transport=dt_socket,embedding=1,server=y,suspend=n,address=127.0.0.1:56892
Begin MonoManager ReloadAssembly
Registering precompiled unity dll's ...
Register platform support module: C:/Program Files/Unity/Hub/Editor/2020.3.14f1/Editor/Data/PlaybackEngines/WindowsStandaloneSupport/UnityEditor.WindowsStandalone.Extensions.dll
Registered in 0.001594 seconds.
Native extension for WindowsStandalone target not found
Refreshing native plugins compatible for Editor in 24.43 ms, found 7 plugins.
Preloading 0 native plugins for Editor in 0.00 ms.
Mono: successfully reloaded assembly
- Completed reload, in  0.822 seconds
Domain Reload Profiling:
	ReloadAssembly (822ms)
		BeginReloadAssembly (42ms)
			ExecutionOrderSort (0ms)
			DisableScriptedObjects (0ms)
			BackupInstance (0ms)
			ReleaseScriptingObjects (0ms)
			CreateAndSetChildDomain (1ms)
		EndReloadAssembly (328ms)
			LoadAssemblies (40ms)
			RebuildTransferFunctionScriptingTraits (0ms)
			SetupTypeCache (120ms)
			ReleaseScriptCaches (0ms)
			RebuildScriptCaches (25ms)
			SetupLoadedEditorAssemblies (126ms)
				LogAssemblyErrors (0ms)
				InitializePlatformSupportModulesInManaged (3ms)
				SetLoadedEditorAssemblies (0ms)
				RefreshPlugins (25ms)
				BeforeProcessingInitializeOnLoad (11ms)
				ProcessInitializeOnLoadAttributes (64ms)
				ProcessInitializeOnLoadMethodAttributes (23ms)
				AfterProcessingInitializeOnLoad (0ms)
				EditorAssembliesLoaded (0ms)
			ExecutionOrderSort2 (0ms)
			AwakeInstancesAfterBackupRestoration (0ms)
Platform modules already initialized, skipping
Registering precompiled user dll's ...
Registered in 0.004370 seconds.
Begin MonoManager ReloadAssembly
Native extension for WindowsStandalone target not found
Refreshing native plugins compatible for Editor in 0.47 ms, found 7 plugins.
Preloading 0 native plugins for Editor in 0.00 ms.
Mono: successfully reloaded assembly
- Completed reload, in  0.822 seconds
Domain Reload Profiling:
	ReloadAssembly (823ms)
		BeginReloadAssembly (118ms)
			ExecutionOrderSort (0ms)
			DisableScriptedObjects (3ms)
			BackupInstance (0ms)
			ReleaseScriptingObjects (0ms)
			CreateAndSetChildDomain (17ms)
		EndReloadAssembly (653ms)
			LoadAssemblies (68ms)
			RebuildTransferFunctionScriptingTraits (0ms)
			SetupTypeCache (218ms)
			ReleaseScriptCaches (0ms)
			RebuildScriptCaches (35ms)
			SetupLoadedEditorAssemblies (254ms)
				LogAssemblyErrors (0ms)
				InitializePlatformSupportModulesInManaged (4ms)
				SetLoadedEditorAssemblies (0ms)
				RefreshPlugins (1ms)
				BeforeProcessingInitializeOnLoad (75ms)
				ProcessInitializeOnLoadAttributes (165ms)
				ProcessInitializeOnLoadMethodAttributes (5ms)
				AfterProcessingInitializeOnLoad (5ms)
				EditorAssembliesLoaded (0ms)
			ExecutionOrderSort2 (0ms)
			AwakeInstancesAfterBackupRestoration (5ms)
Platform modules already initialized, skipping
========================================================================
Worker process is ready to serve import requests
Launched and connected shader compiler UnityShaderCompiler.exe after 0.03 seconds
Refreshing native plugins compatible for Editor in 0.43 ms, found 7 plugins.
Preloading 0 native plugins for Editor in 0.00 ms.
Unloading 1513 Unused Serialized files (Serialized files now loaded: 0)
System memory in use before: 68.5 MB.
System memory in use after: 68.5 MB.

Unloading 31 unused Assets to reduce memory usage. Loaded Objects now: 1936.
Total: 2.316300 ms (FindLiveObjects: 0.175500 ms CreateObjectMapping: 0.044000 ms MarkObjects: 1.992100 ms  DeleteObjects: 0.103300 ms)

AssetImportParameters requested are different than current active one (requested -> active):
  custom:framework-win-MediaFoundation: 216162199b28c13a410421893ffa2e32 -> 
  custom:video-decoder-ogg-theora: a1e56fd34408186e4bbccfd4996cb3dc -> 
  custom:container-muxer-webm: aa71ff27fc2769a1b78a27578f13a17b -> 
  custom:container-demuxer-webm: 4f35f7cbe854078d1ac9338744f61a02 -> 
  custom:container-demuxer-ogg: 62fdf1f143b41e24485cea50d1cbac27 -> 
  custom:video-encoder-webm-vp8: eb34c28f22e8b96e1ab97ce403110664 -> 
  custom:video-decoder-webm-vp8: 9c59270c3fd7afecdb556c50c9e8de78 -> 
  custom:audio-decoder-ogg-vorbis: bf7c407c2cedff20999df2af8eb42d56 -> 
  custom:audio-encoder-webm-vorbis: bf7c407c2cedff20999df2af8eb42d56 -> 
========================================================================
Received Import Request.
  path: Assets/Character/Hada/Render.png
  artifactKey: Guid(3aff4503ba75868498b42f18319636cf) Importer(815301076,1909f56bfc062723c751e8b465ee728b)
Start importing Assets/Character/Hada/Render.png using Guid(3aff4503ba75868498b42f18319636cf) Importer(815301076,1909f56bfc062723c751e8b465ee728b)  -> (artifact id: '19707924b9aee1b6f535a9a69390ccef') in 0.144575 seconds 
  Import took 0.147138 seconds .

========================================================================
Received Import Request.
  Time since last request: 0.000248 seconds.
  path: Assets/Character/Hada/hada_render.png
  artifactKey: Guid(2c55ada07a5a63a49b88570b361a0653) Importer(815301076,1909f56bfc062723c751e8b465ee728b)
Start importing Assets/Character/Hada/hada_render.png using Guid(2c55ada07a5a63a49b88570b361a0653) Importer(815301076,1909f56bfc062723c751e8b465ee728b)  -> (artifact id: 'd5acdfe574e75ac8f033cb1a4456a8e8') in 0.059712 seconds 
  Import took 0.061892 seconds .

========================================================================
Received Import Request.
  Time since last request: 2.496334 seconds.
  path: Assets/Character/Hada/Texturas
  artifactKey: Guid(1902ace3eb2e71e4fb629c6aea25ab08) Importer(815301076,1909f56bfc062723c751e8b465ee728b)
Start importing Assets/Character/Hada/Texturas using Guid(1902ace3eb2e71e4fb629c6aea25ab08) Importer(815301076,1909f56bfc062723c751e8b465ee728b)  -> (artifact id: '11b7c247f6589351f0047e04151b29a4') in 0.006823 seconds 
  Import took 0.009323 seconds .

========================================================================
Received Import Request.
  Time since last request: 0.030804 seconds.
  path: Assets/Character/Hada/Texturas
  artifactKey: Guid(1902ace3eb2e71e4fb629c6aea25ab08) Importer(815301076,1909f56bfc062723c751e8b465ee728b)
Start importing Assets/Character/Hada/Texturas using Guid(1902ace3eb2e71e4fb629c6aea25ab08) Importer(815301076,1909f56bfc062723c751e8b465ee728b)  -> (artifact id: '11b7c247f6589351f0047e04151b29a4') in 0.002392 seconds 
  Import took 0.005264 seconds .

========================================================================
Received Import Request.
  Time since last request: 2.343435 seconds.
  path: Assets/Character/Hada/Archivo 3dsmax
  artifactKey: Guid(5e0d919e4cc24c447b97b934dc5c767f) Importer(815301076,1909f56bfc062723c751e8b465ee728b)
Start importing Assets/Character/Hada/Archivo 3dsmax using Guid(5e0d919e4cc24c447b97b934dc5c767f) Importer(815301076,1909f56bfc062723c751e8b465ee728b)  -> (artifact id: '4700febecee1b2676d823ed39e44a01a') in 0.006543 seconds 
  Import took 0.009196 seconds .

========================================================================
Received Import Request.
  Time since last request: 0.000589 seconds.
  path: Assets/Character/Hada/Archivo 3dsmax
  artifactKey: Guid(5e0d919e4cc24c447b97b934dc5c767f) Importer(815301076,1909f56bfc062723c751e8b465ee728b)
Start importing Assets/Character/Hada/Archivo 3dsmax using Guid(5e0d919e4cc24c447b97b934dc5c767f) Importer(815301076,1909f56bfc062723c751e8b465ee728b)  -> (artifact id: '4700febecee1b2676d823ed39e44a01a') in 0.002665 seconds 
  Import took 0.004998 seconds .

========================================================================
Received Import Request.
  Time since last request: 1.744328 seconds.
  path: Assets/Character/Hada/Archivo 3dsmax/hada_001.max
  artifactKey: Guid(5b67e4f40632a7347832897f508630fa) Importer(815301076,1909f56bfc062723c751e8b465ee728b)
Start importing Assets/Character/Hada/Archivo 3dsmax/hada_001.max using Guid(5b67e4f40632a7347832897f508630fa) Importer(815301076,1909f56bfc062723c751e8b465ee728b)  -> (artifact id: '72d1a9fa23dc7c30571086d0d94717e4') in 0.011045 seconds 
  Import took 0.013311 seconds .

========================================================================
Received Import Request.
  Time since last request: 0.009901 seconds.
  path: Assets/Character/Hada/Archivo 3dsmax/hada_001.max
  artifactKey: Guid(5b67e4f40632a7347832897f508630fa) Importer(815301076,1909f56bfc062723c751e8b465ee728b)
Start importing Assets/Character/Hada/Archivo 3dsmax/hada_001.max using Guid(5b67e4f40632a7347832897f508630fa) Importer(815301076,1909f56bfc062723c751e8b465ee728b)  -> (artifact id: '72d1a9fa23dc7c30571086d0d94717e4') in 0.002842 seconds 
  Import took 0.005108 seconds .

========================================================================
Received Import Request.
  Time since last request: 4.893577 seconds.
  path: Assets/Character/Hada/Archivo FBX
  artifactKey: Guid(5f7db508e56997844b99153b7d4059e3) Importer(815301076,1909f56bfc062723c751e8b465ee728b)
Start importing Assets/Character/Hada/Archivo FBX using Guid(5f7db508e56997844b99153b7d4059e3) Importer(815301076,1909f56bfc062723c751e8b465ee728b)  -> (artifact id: '769ae7bdac8be5b7f4cad1e9796daf52') in 0.007199 seconds 
  Import took 0.009806 seconds .

========================================================================
Received Import Request.
  Time since last request: 0.000330 seconds.
  path: Assets/Character/Hada/Archivo FBX
  artifactKey: Guid(5f7db508e56997844b99153b7d4059e3) Importer(815301076,1909f56bfc062723c751e8b465ee728b)
Start importing Assets/Character/Hada/Archivo FBX using Guid(5f7db508e56997844b99153b7d4059e3) Importer(815301076,1909f56bfc062723c751e8b465ee728b)  -> (artifact id: '769ae7bdac8be5b7f4cad1e9796daf52') in 0.002341 seconds 
  Import took 0.004534 seconds .

AssetImportWorkerClient::OnTransportError - code=2 error=End of file
